Build started 4/17/2017 1:48:31 PM.
     1>Project "C:\Users\Dominik Konecny\Documents\SeniorProject-Eyelogic\EyeLogic-MP\EyeLogic\EyeLogic.vcxproj" on node 2 (Build target(s)).
     1>ClCompile:
         C:\Program Files (x86)\Microsoft Visual Studio 14.0\VC\bin\x86_amd64\CL.exe /c /ZI /nologo /W3 /WX- /Od /D _DEBUG /D _CONSOLE /D _UNICODE /D UNICODE /Gm /EHsc /RTC1 /MDd /GS /fp:precise /Zc:wchar_t /Zc:forScope /Zc:inline /Fo"x64\Debug\\" /Fd"x64\Debug\vc140.pdb" /Gd /TP /errorReport:prompt EyeLogic.cpp VoiceTool.cpp main.cpp
         EyeLogic.cpp
     1>c:\users\dominik konecny\documents\seniorproject-eyelogic\eyelogic-mp\eyelogic\win.hpp(74): warning C4800: 'BOOL': forcing value to bool 'true' or 'false' (performance warning)
     1>c:\users\dominik konecny\documents\seniorproject-eyelogic\eyelogic-mp\eyelogic\win.hpp(92): warning C4800: 'BOOL': forcing value to bool 'true' or 'false' (performance warning)
     1>c:\users\dominik konecny\documents\seniorproject-eyelogic\eyelogic-mp\eyelogic\win.hpp(100): warning C4267: 'initializing': conversion from 'size_t' to 'int', possible loss of data
     1>c:\users\dominik konecny\documents\seniorproject-eyelogic\eyelogic-mp\eyelogic\win.hpp(101): warning C4267: 'initializing': conversion from 'size_t' to 'int', possible loss of data
     1>c:\users\dominik konecny\documents\seniorproject-eyelogic\eyelogic-mp\eyelogic\eyelogic.cpp(281): warning C4551: function call missing argument list
     1>c:\users\dominik konecny\documents\seniorproject-eyelogic\eyelogic-mp\eyelogic\eyelogic.cpp(567): warning C4244: 'argument': conversion from 'float' to 'int', possible loss of data
     1>c:\users\dominik konecny\documents\seniorproject-eyelogic\eyelogic-mp\eyelogic\eyelogic.cpp(568): warning C4244: 'argument': conversion from 'float' to 'int', possible loss of data
         Generating Code...
         Compiling...
         main.cpp
     1>c:\users\dominik konecny\documents\seniorproject-eyelogic\eyelogic-mp\eyelogic\win.hpp(74): warning C4800: 'BOOL': forcing value to bool 'true' or 'false' (performance warning)
     1>c:\users\dominik konecny\documents\seniorproject-eyelogic\eyelogic-mp\eyelogic\win.hpp(92): warning C4800: 'BOOL': forcing value to bool 'true' or 'false' (performance warning)
     1>c:\users\dominik konecny\documents\seniorproject-eyelogic\eyelogic-mp\eyelogic\win.hpp(100): warning C4267: 'initializing': conversion from 'size_t' to 'int', possible loss of data
     1>c:\users\dominik konecny\documents\seniorproject-eyelogic\eyelogic-mp\eyelogic\win.hpp(101): warning C4267: 'initializing': conversion from 'size_t' to 'int', possible loss of data
     1>c:\users\dominik konecny\documents\seniorproject-eyelogic\eyelogic-mp\eyelogic\main.cpp(126): warning C4244: 'initializing': conversion from 'double' to 'int', possible loss of data
     1>c:\users\dominik konecny\documents\seniorproject-eyelogic\eyelogic-mp\eyelogic\main.cpp(164): warning C4244: 'argument': conversion from 'float' to 'int', possible loss of data
         Generating Code...
         Skipping... (no relevant changes detected)
         VoiceTool.cpp
       Link:
         C:\Program Files (x86)\Microsoft Visual Studio 14.0\VC\bin\x86_amd64\link.exe /ERRORREPORT:PROMPT /OUT:"C:\Users\Dominik Konecny\Documents\SeniorProject-Eyelogic\EyeLogic-MP\EyeLogic\x64\Debug\EyeLogic.exe" /INCREMENTAL /NOLOGO opencv_calib3d320d.lib opencv_core320d.lib opencv_features2d320d.lib opencv_flann320d.lib opencv_highgui320d.lib opencv_imgcodecs320d.lib opencv_imgproc320d.lib opencv_ml320d.lib opencv_objdetect320d.lib opencv_photo320d.lib opencv_shape320d.lib opencv_stitching320d.lib opencv_superres320d.lib opencv_ts320d.lib opencv_video320d.lib opencv_videoio320d.lib opencv_videostab320d.lib "libboost_filesystem-vc140-mt-gd-1_63.lib" "libboost_system-vc140-mt-gd-1_63.lib" "libboost_thread-vc140-mt-gd-1_63.lib" kernel32.lib user32.lib gdi32.lib winspool.lib comdlg32.lib advapi32.lib shell32.lib ole32.lib oleaut32.lib uuid.lib odbc32.lib odbccp32.lib /MANIFEST /MANIFESTUAC:"level='asInvoker' uiAccess='false'" /manifest:embed /Debug /PDB:"C:\Users\Dominik Konecny\Documents\SeniorProject-Eyelogic\EyeLogic-MP\EyeLogic\x64\Debug\EyeLogic.pdb" /SUBSYSTEM:CONSOLE /TLBID:1 /DYNAMICBASE /NXCOMPAT /IMPLIB:"C:\Users\Dominik Konecny\Documents\SeniorProject-Eyelogic\EyeLogic-MP\EyeLogic\x64\Debug\EyeLogic.lib" /MACHINE:X64 x64\Debug\EyeLogic.obj
         x64\Debug\main.obj
         x64\Debug\stdafx.obj
         x64\Debug\VoiceTool.obj
         EyeLogic.vcxproj -> C:\Users\Dominik Konecny\Documents\SeniorProject-Eyelogic\EyeLogic-MP\EyeLogic\x64\Debug\EyeLogic.exe
     1>Done Building Project "C:\Users\Dominik Konecny\Documents\SeniorProject-Eyelogic\EyeLogic-MP\EyeLogic\EyeLogic.vcxproj" (Build target(s)).

Build succeeded.

Time Elapsed 00:00:07.10
