Build started 4/16/2017 1:50:50 PM.
     1>Project "C:\Users\Dominik Konecny\Documents\SeniorProject-Eyelogic\EyeLogic-MP\EyeLogic\EyeLogic.vcxproj" on node 2 (Build target(s)).
     1>ClCompile:
         C:\Program Files (x86)\Microsoft Visual Studio 14.0\VC\bin\x86_amd64\CL.exe /c /Zi /nologo /W3 /WX- /O2 /Oi /GL /D NDEBUG /D _CONSOLE /D _UNICODE /D UNICODE /Gm- /EHsc /MD /GS /Gy /fp:precise /Zc:wchar_t /Zc:forScope /Zc:inline /Fo"x64\Release\\" /Fd"x64\Release\vc140.pdb" /Gd /TP /errorReport:prompt EyeLogic.cpp main.cpp stdafx.cpp VoiceTool.cpp
         EyeLogic.cpp
     1>c:\users\dominik konecny\documents\seniorproject-eyelogic\eyelogic-mp\eyelogic\Win.hpp(72): warning C4800: 'BOOL': forcing value to bool 'true' or 'false' (performance warning)
     1>c:\users\dominik konecny\documents\seniorproject-eyelogic\eyelogic-mp\eyelogic\Win.hpp(90): warning C4800: 'BOOL': forcing value to bool 'true' or 'false' (performance warning)
     1>EyeLogic.cpp(281): warning C4551: function call missing argument list
     1>EyeLogic.cpp(567): warning C4244: 'argument': conversion from 'float' to 'int', possible loss of data
     1>EyeLogic.cpp(568): warning C4244: 'argument': conversion from 'float' to 'int', possible loss of data
         main.cpp
     1>c:\users\dominik konecny\documents\seniorproject-eyelogic\eyelogic-mp\eyelogic\Win.hpp(72): warning C4800: 'BOOL': forcing value to bool 'true' or 'false' (performance warning)
     1>c:\users\dominik konecny\documents\seniorproject-eyelogic\eyelogic-mp\eyelogic\Win.hpp(90): warning C4800: 'BOOL': forcing value to bool 'true' or 'false' (performance warning)
     1>main.cpp(126): warning C4244: 'initializing': conversion from 'double' to 'int', possible loss of data
     1>main.cpp(164): warning C4244: 'argument': conversion from 'float' to 'int', possible loss of data
         stdafx.cpp
         VoiceTool.cpp
     1>c:\users\dominik konecny\documents\seniorproject-eyelogic\eyelogic-mp\eyelogic\Win.hpp(72): warning C4800: 'BOOL': forcing value to bool 'true' or 'false' (performance warning)
     1>c:\users\dominik konecny\documents\seniorproject-eyelogic\eyelogic-mp\eyelogic\Win.hpp(90): warning C4800: 'BOOL': forcing value to bool 'true' or 'false' (performance warning)
     1>VoiceTool.cpp(78): warning C4552: '!=': operator has no effect; expected operator with side-effect
       Link:
         C:\Program Files (x86)\Microsoft Visual Studio 14.0\VC\bin\x86_amd64\link.exe /ERRORREPORT:PROMPT /OUT:"C:\Users\Dominik Konecny\Documents\SeniorProject-Eyelogic\EyeLogic-MP\EyeLogic\x64\Release\EyeLogic.exe" /INCREMENTAL:NO /NOLOGO opencv_calib3d320.lib opencv_core320.lib opencv_features2d320.lib opencv_flann320.lib opencv_highgui320.lib opencv_imgcodecs320.lib opencv_imgproc320.lib opencv_ml320.lib opencv_objdetect320.lib opencv_photo320.lib opencv_shape320.lib opencv_stitching320.lib opencv_superres320.lib opencv_ts320.lib opencv_video320.lib opencv_videoio320.lib opencv_videostab320.lib "libboost_filesystem-vc140-mt-1_63.lib" "libboost_system-vc140-mt-1_63.lib" "libboost_thread-vc140-mt-1_63.lib" kernel32.lib user32.lib gdi32.lib winspool.lib comdlg32.lib advapi32.lib shell32.lib ole32.lib oleaut32.lib uuid.lib odbc32.lib odbccp32.lib /MANIFEST /MANIFESTUAC:"level='asInvoker' uiAccess='false'" /manifest:embed /Debug /PDB:"C:\Users\Dominik Konecny\Documents\SeniorProject-Eyelogic\EyeLogic-MP\EyeLogic\x64\Release\EyeLogic.pdb" /SUBSYSTEM:CONSOLE /OPT:REF /OPT:ICF /LTCG:incremental /TLBID:1 /DYNAMICBASE /NXCOMPAT /IMPLIB:"C:\Users\Dominik Konecny\Documents\SeniorProject-Eyelogic\EyeLogic-MP\EyeLogic\x64\Release\EyeLogic.lib" /MACHINE:X64 x64\Release\EyeLogic.obj
         x64\Release\main.obj
         x64\Release\stdafx.obj
         x64\Release\VoiceTool.obj
         Generating code
         All 1342 functions were compiled because no usable IPDB/IOBJ from previous compilation was found.
         Finished generating code
         EyeLogic.vcxproj -> C:\Users\Dominik Konecny\Documents\SeniorProject-Eyelogic\EyeLogic-MP\EyeLogic\x64\Release\EyeLogic.exe
     1>Done Building Project "C:\Users\Dominik Konecny\Documents\SeniorProject-Eyelogic\EyeLogic-MP\EyeLogic\EyeLogic.vcxproj" (Build target(s)).

Build succeeded.

Time Elapsed 00:00:08.64
